<?xml version="1.0" encoding="UTF-8"?>
<!-- Generated by org.testng.reporters.JUnitXMLReporter -->
<testsuite ignored="0" hostname="DESKTOP-81SOS98" failures="0" tests="5" name="ChromeTest" time="51.909" errors="0" timestamp="2023-05-23T15:50:27 IST">
  <testcase classname="testCases.TC_003_LoginDataDrivenTest" name="test_LoginDDT" time="4.147"/>
  <testcase classname="testCases.TC_003_LoginDataDrivenTest" name="test_LoginDDT" time="11.467"/>
  <testcase classname="testCases.TC_003_LoginDataDrivenTest" name="test_LoginDDT" time="11.829"/>
  <testcase classname="testCases.TC_003_LoginDataDrivenTest" name="test_LoginDDT" time="11.34"/>
  <testcase classname="testCases.TC_003_LoginDataDrivenTest" name="test_LoginDDT" time="2.271"/>
</testsuite> <!-- ChromeTest -->
